<?xml version="1.0" encoding="UTF-8"?>
<!-- Generated by org.testng.reporters.JUnitReportReporter -->
<testsuite hostname="AWATANY-A40-D" failures="0" tests="7" name="com.SWAGLABS.Testcases.LoginPageTest" time="49.879" errors="0" timestamp="2022-03-12T14:13:03 EET" skipped="0">
  <testcase classname="com.SWAGLABS.Testcases.LoginPageTest" name="titleTest" time="6.652"/>
  <system-out/>
  <testcase classname="com.SWAGLABS.Testcases.LoginPageTest" name="urlCheck" time="6.302"/>
  <system-out/>
  <testcase classname="com.SWAGLABS.Testcases.LoginPageTest" name="logoTest" time="6.717"/>
  <system-out/>
  <testcase classname="com.SWAGLABS.Testcases.LoginPageTest" name="loginTest" time="7.282"/>
  <system-out/>
  <testcase classname="com.SWAGLABS.Testcases.LoginPageTest" name="loginTest" time="7.195"/>
  <system-out/>
  <testcase classname="com.SWAGLABS.Testcases.LoginPageTest" name="loginTest" time="8.062"/>
  <system-out/>
  <testcase classname="com.SWAGLABS.Testcases.LoginPageTest" name="loginTest" time="7.669"/>
  <system-out/>
</testsuite> <!-- com.SWAGLABS.Testcases.LoginPageTest -->
