<?xml version="1.0" encoding="UTF-8"?>
<!-- Generated by org.testng.reporters.JUnitReportReporter -->
<testsuite hostname="AWATANY-A40-D" failures="0" tests="4" name="com.SWAGLABS.Testcases.MenuBar" time="81.904" errors="0" timestamp="2022-03-12T14:13:03 EET" skipped="0">
  <testcase classname="com.SWAGLABS.Testcases.MenuBar" name="resetAppStateTest" time="18.219"/>
  <system-out/>
  <testcase classname="com.SWAGLABS.Testcases.MenuBar" name="aboutTest" time="30.825"/>
  <system-out/>
  <testcase classname="com.SWAGLABS.Testcases.MenuBar" name="allItemTest" time="16.583"/>
  <system-out/>
  <testcase classname="com.SWAGLABS.Testcases.MenuBar" name="logOutTest" time="16.277"/>
  <system-out/>
</testsuite> <!-- com.SWAGLABS.Testcases.MenuBar -->
