<?xml version="1.0" encoding="UTF-8"?>
<!-- Generated by org.testng.reporters.JUnitReportReporter -->
<testsuite hostname="AWATANY-A40-D" failures="0" tests="7" name="com.SWAGLABS.Testcases.LoginPageTest" time="65.040" errors="0" timestamp="2022-03-12T20:00:43 EET" skipped="0">
  <testcase classname="com.SWAGLABS.Testcases.LoginPageTest" name="titleTest" time="8.084"/>
  <system-out/>
  <testcase classname="com.SWAGLABS.Testcases.LoginPageTest" name="urlCheck" time="8.002"/>
  <system-out/>
  <testcase classname="com.SWAGLABS.Testcases.LoginPageTest" name="logoTest" time="8.917"/>
  <system-out/>
  <testcase classname="com.SWAGLABS.Testcases.LoginPageTest" name="loginTest" time="9.850"/>
  <system-out/>
  <testcase classname="com.SWAGLABS.Testcases.LoginPageTest" name="loginTest" time="10.256"/>
  <system-out/>
  <testcase classname="com.SWAGLABS.Testcases.LoginPageTest" name="loginTest" time="10.193"/>
  <system-out/>
  <testcase classname="com.SWAGLABS.Testcases.LoginPageTest" name="loginTest" time="9.738"/>
  <system-out/>
</testsuite> <!-- com.SWAGLABS.Testcases.LoginPageTest -->
