<?xml version="1.0" encoding="UTF-8"?>
<!-- Generated by org.testng.reporters.JUnitReportReporter -->
<testsuite hostname="AWATANY-A40-D" failures="0" tests="4" name="com.SWAGLABS.Testcases.MenuBar" time="93.961" errors="0" timestamp="2022-03-12T20:00:43 EET" skipped="0">
  <testcase classname="com.SWAGLABS.Testcases.MenuBar" name="logOutTest" time="19.316"/>
  <system-out/>
  <testcase classname="com.SWAGLABS.Testcases.MenuBar" name="aboutTest" time="35.606"/>
  <system-out/>
  <testcase classname="com.SWAGLABS.Testcases.MenuBar" name="allItemTest" time="19.816"/>
  <system-out/>
  <testcase classname="com.SWAGLABS.Testcases.MenuBar" name="resetAppStateTest" time="19.223"/>
  <system-out/>
</testsuite> <!-- com.SWAGLABS.Testcases.MenuBar -->
