<?xml version="1.0" encoding="UTF-8"?>
<!-- Generated by org.testng.reporters.JUnitReportReporter -->
<testsuite hostname="AWATANY-A40-D" failures="0" tests="5" name="com.SWAGLABS.Testcases.HomePage" time="106.346" errors="0" timestamp="2022-03-12T20:00:43 EET" skipped="0">
  <testcase classname="com.SWAGLABS.Testcases.HomePage" name="facebookIconTest" time="23.223"/>
  <system-out/>
  <testcase classname="com.SWAGLABS.Testcases.HomePage" name="filterationTest" time="20.206"/>
  <system-out/>
  <testcase classname="com.SWAGLABS.Testcases.HomePage" name="twitterIconTest" time="21.409"/>
  <system-out/>
  <testcase classname="com.SWAGLABS.Testcases.HomePage" name="linkedInIconTest" time="24.440"/>
  <system-out/>
  <testcase classname="com.SWAGLABS.Testcases.HomePage" name="allItemFunctionTest" time="17.068"/>
  <system-out/>
</testsuite> <!-- com.SWAGLABS.Testcases.HomePage -->
