<?xml version="1.0" encoding="UTF-8"?>
<!-- Generated by org.testng.reporters.JUnitReportReporter -->
<testsuite hostname="AWATANY-A40-D" failures="0" tests="4" name="com.SWAGLABS.Testcases.CartShopping" time="75.351" errors="0" timestamp="2022-03-12T20:00:43 EET" skipped="0">
  <testcase classname="com.SWAGLABS.Testcases.CartShopping" name="cancelTest" time="21.899"/>
  <system-out/>
  <testcase classname="com.SWAGLABS.Testcases.CartShopping" name="checkOutTest" time="19.124"/>
  <system-out/>
  <testcase classname="com.SWAGLABS.Testcases.CartShopping" name="continueShoppingTest" time="16.231"/>
  <system-out/>
  <testcase classname="com.SWAGLABS.Testcases.CartShopping" name="removeTest" time="18.097"/>
  <system-out/>
</testsuite> <!-- com.SWAGLABS.Testcases.CartShopping -->
