<?xml version="1.0" encoding="UTF-8"?>
<!-- Generated by org.testng.reporters.JUnitReportReporter -->
<testsuite hostname="AWATANY-A40-D" failures="0" tests="4" name="com.SWAGLABS.Testcases.CartShopping" time="55.662" errors="0" timestamp="2022-03-12T14:13:03 EET" skipped="0">
  <testcase classname="com.SWAGLABS.Testcases.CartShopping" name="checkOutTest" time="15.131"/>
  <system-out/>
  <testcase classname="com.SWAGLABS.Testcases.CartShopping" name="removeTest" time="13.322"/>
  <system-out/>
  <testcase classname="com.SWAGLABS.Testcases.CartShopping" name="continueShoppingTest" time="13.756"/>
  <system-out/>
  <testcase classname="com.SWAGLABS.Testcases.CartShopping" name="cancelTest" time="13.453"/>
  <system-out/>
</testsuite> <!-- com.SWAGLABS.Testcases.CartShopping -->
